Tree after all insertions:
[0 (0)]
	'<eos>' [38] 59tc (AAAGAAAGCTCTGTAATGTGATGGGAGCAGGTGAACT$)
	'$' [37] 58tc (AAAGAAAGCTCTGTAATGTGATGGGAGCAGGTGAACT$)
	'T' 19 (AAAGAAAGCTCTGTAATGTGATGGGAGCAGGTGAACT$)
	'C' 44 (AAAGAAAGCTCTGTAATGTGATGGGAGCAGGTGAACT$)
	'G' 13 (AAAGAAAGCTCTGTAATGTGATGGGAGCAGGTGAACT$)
	'A' 4 (AAAGAAAGCTCTGTAATGTGATGGGAGCAGGTGAACT$)
[19 (0) -> 0]
	'$' [36] 57tc (AAAGAAAGCTCTGTAATGTGATGGGAGCAGGTGAACT$)
	'AATGTGATGGGAGCAGGTGAACT$' [13] 22tc (AAAGAAAGCTCTGTAATGTGATGGGAGCAGGTGAACT$)
	'G' 29 (AAAGAAAGCTCTGTAATGTGATGGGAGCAGGTGAACT$)
	'CTGTAATGTGATGGGAGCAGGTGAACT$' [9] 16tc (AAAGAAAGCTCTGTAATGTGATGGGAGCAGGTGAACT$)
[44 (0) -> 0]
	'AGGTGAACT$' [27] 45tc (AAAGAAAGCTCTGTAATGTGATGGGAGCAGGTGAACT$)
	'T' 17 (AAAGAAAGCTCTGTAATGTGATGGGAGCAGGTGAACT$)
[13 (0) -> 0]
	'G' 37 (AAAGAAAGCTCTGTAATGTGATGGGAGCAGGTGAACT$)
	'T' 27 (AAAGAAAGCTCTGTAATGTGATGGGAGCAGGTGAACT$)
	'C' 42 (AAAGAAAGCTCTGTAATGTGATGGGAGCAGGTGAACT$)
	'A' 31 (AAAGAAAGCTCTGTAATGTGATGGGAGCAGGTGAACT$)
[4 (0) -> 0]
	'CT$' [34] 55tc (AAAGAAAGCTCTGTAATGTGATGGGAGCAGGTGAACT$)
	'TG' 33 (AAAGAAAGCTCTGTAATGTGATGGGAGCAGGTGAACT$)
	'G' 11 (AAAGAAAGCTCTGTAATGTGATGGGAGCAGGTGAACT$)
	'A' 2 (AAAGAAAGCTCTGTAATGTGATGGGAGCAGGTGAACT$)
[29 (0) -> 13]
	'GGAGCAGGTGAACT$' [21] 35tc (AAAGAAAGCTCTGTAATGTGATGGGAGCAGGTGAACT$)
	'A' 50 (AAAGAAAGCTCTGTAATGTGATGGGAGCAGGTGAACT$)
	'T' 25 (AAAGAAAGCTCTGTAATGTGATGGGAGCAGGTGAACT$)
[17 (0) -> 19]
	'$' [35] 56tc (AAAGAAAGCTCTGTAATGTGATGGGAGCAGGTGAACT$)
	'GTAATGTGATGGGAGCAGGTGAACT$' [10] 18tc (AAAGAAAGCTCTGTAATGTGATGGGAGCAGGTGAACT$)
	'CTGTAATGTGATGGGAGCAGGTGAACT$' [8] 15tc (AAAGAAAGCTCTGTAATGTGATGGGAGCAGGTGAACT$)
[37 (0) -> 13]
	'TGAACT$' [29] 47tc (AAAGAAAGCTCTGTAATGTGATGGGAGCAGGTGAACT$)
	'AGCAGGTGAACT$' [23] 38tc (AAAGAAAGCTCTGTAATGTGATGGGAGCAGGTGAACT$)
	'GAGCAGGTGAACT$' [22] 36tc (AAAGAAAGCTCTGTAATGTGATGGGAGCAGGTGAACT$)
[27 (0) -> 19]
	'GA' 48 (AAAGAAAGCTCTGTAATGTGATGGGAGCAGGTGAACT$)
	'AATGTGATGGGAGCAGGTGAACT$' [12] 21tc (AAAGAAAGCTCTGTAATGTGATGGGAGCAGGTGAACT$)
[42 (0) -> 44]
	'AGGTGAACT$' [26] 43tc (AAAGAAAGCTCTGTAATGTGATGGGAGCAGGTGAACT$)
	'TCTGTAATGTGATGGGAGCAGGTGAACT$' [7] 14tc (AAAGAAAGCTCTGTAATGTGATGGGAGCAGGTGAACT$)
[31 (0) -> 4]
	'GCAGGTGAACT$' [24] 39tc (AAAGAAAGCTCTGTAATGTGATGGGAGCAGGTGAACT$)
	'TGGGAGCAGGTGAACT$' [19] 32tc (AAAGAAAGCTCTGTAATGTGATGGGAGCAGGTGAACT$)
	'A' 52 (AAAGAAAGCTCTGTAATGTGATGGGAGCAGGTGAACT$)
[33 (0) -> 29]
	'GGAGCAGGTGAACT$' [20] 34tc (AAAGAAAGCTCTGTAATGTGATGGGAGCAGGTGAACT$)
	'TGATGGGAGCAGGTGAACT$' [15] 24tc (AAAGAAAGCTCTGTAATGTGATGGGAGCAGGTGAACT$)
[11 (0) -> 13]
	'GTGAACT$' [28] 46tc (AAAGAAAGCTCTGTAATGTGATGGGAGCAGGTGAACT$)
	'C' 40 (AAAGAAAGCTCTGTAATGTGATGGGAGCAGGTGAACT$)
	'AAAGCTCTGTAATGTGATGGGAGCAGGTGAACT$' [2] 5tc (AAAGAAAGCTCTGTAATGTGATGGGAGCAGGTGAACT$)
[2 (0) -> 4]
	'CT$' [33] 54tc (AAAGAAAGCTCTGTAATGTGATGGGAGCAGGTGAACT$)
	'TGTGATGGGAGCAGGTGAACT$' [14] 23tc (AAAGAAAGCTCTGTAATGTGATGGGAGCAGGTGAACT$)
	'G' 9 (AAAGAAAGCTCTGTAATGTGATGGGAGCAGGTGAACT$)
	'AG' 7 (AAAGAAAGCTCTGTAATGTGATGGGAGCAGGTGAACT$)
[50 (0) -> 31]
	'ACT$' [31] 51tc (AAAGAAAGCTCTGTAATGTGATGGGAGCAGGTGAACT$)
	'TGGGAGCAGGTGAACT$' [18] 30tc (AAAGAAAGCTCTGTAATGTGATGGGAGCAGGTGAACT$)
[25 (0) -> 27]
	'GATGGGAGCAGGTGAACT$' [16] 26tc (AAAGAAAGCTCTGTAATGTGATGGGAGCAGGTGAACT$)
	'AATGTGATGGGAGCAGGTGAACT$' [11] 20tc (AAAGAAAGCTCTGTAATGTGATGGGAGCAGGTGAACT$)
[48 (0) -> 50]
	'ACT$' [30] 49tc (AAAGAAAGCTCTGTAATGTGATGGGAGCAGGTGAACT$)
	'TGGGAGCAGGTGAACT$' [17] 28tc (AAAGAAAGCTCTGTAATGTGATGGGAGCAGGTGAACT$)
[52 (0) -> 2]
	'CT$' [32] 53tc (AAAGAAAGCTCTGTAATGTGATGGGAGCAGGTGAACT$)
	'AGCTCTGTAATGTGATGGGAGCAGGTGAACT$' [3] 6tc (AAAGAAAGCTCTGTAATGTGATGGGAGCAGGTGAACT$)
[40 (0) -> 42]
	'AGGTGAACT$' [25] 41tc (AAAGAAAGCTCTGTAATGTGATGGGAGCAGGTGAACT$)
	'TCTGTAATGTGATGGGAGCAGGTGAACT$' [6] 12tc (AAAGAAAGCTCTGTAATGTGATGGGAGCAGGTGAACT$)
[9 (0) -> 11]
	'CTCTGTAATGTGATGGGAGCAGGTGAACT$' [5] 10tc (AAAGAAAGCTCTGTAATGTGATGGGAGCAGGTGAACT$)
	'AAAGCTCTGTAATGTGATGGGAGCAGGTGAACT$' [1] 3tc (AAAGAAAGCTCTGTAATGTGATGGGAGCAGGTGAACT$)
[7 (0) -> 9]
	'CTCTGTAATGTGATGGGAGCAGGTGAACT$' [4] 8tc (AAAGAAAGCTCTGTAATGTGATGGGAGCAGGTGAACT$)
	'AAAGCTCTGTAATGTGATGGGAGCAGGTGAACT$' [0] 1tc (AAAGAAAGCTCTGTAATGTGATGGGAGCAGGTGAACT$)
