$
$
$
A
A
A
A
A
AAAGCTCTGTAATGTGATGGGAGCAGGTGAACT$
AAAGCTCTGTAATGTGATGGGAGCAGGTGAACT$
AAAGCTCTGTAATGTGATGGGAGCAGGTGAACT$
AATGTGATGGGAGCAGGTGAACT$
AATGTGATGGGAGCAGGTGAACT$
AATGTGATGGGAGCAGGTGAACT$
ACT$
ACT$
AG
AGCAGGTGAACT$
AGCTCTGTAATGTGATGGGAGCAGGTGAACT$
AGGTGAACT$
AGGTGAACT$
AGGTGAACT$
C
C
C
CT$
CT$
CT$
CTCTGTAATGTGATGGGAGCAGGTGAACT$
CTCTGTAATGTGATGGGAGCAGGTGAACT$
CTGTAATGTGATGGGAGCAGGTGAACT$
CTGTAATGTGATGGGAGCAGGTGAACT$
G
G
G
G
G
GA
GAGCAGGTGAACT$
GATGGGAGCAGGTGAACT$
GCAGGTGAACT$
GGAGCAGGTGAACT$
GGAGCAGGTGAACT$
GTAATGTGATGGGAGCAGGTGAACT$
GTGAACT$
T
T
T
T
TCTGTAATGTGATGGGAGCAGGTGAACT$
TCTGTAATGTGATGGGAGCAGGTGAACT$
TG
TGAACT$
TGATGGGAGCAGGTGAACT$
TGGGAGCAGGTGAACT$
TGGGAGCAGGTGAACT$
TGGGAGCAGGTGAACT$
TGTGATGGGAGCAGGTGAACT$
