Tree after all insertions:
[0 (0)]
	'<eos>' [18] 27tc (AAAGAAAGCTCTGTAAT$)
	'$' [17] 26tc (AAAGAAAGCTCTGTAAT$)
	'T' 19 (AAAGAAAGCTCTGTAAT$)
	'CT' 17 (AAAGAAAGCTCTGTAAT$)
	'G' 13 (AAAGAAAGCTCTGTAAT$)
	'A' 4 (AAAGAAAGCTCTGTAAT$)
[19 (0) -> 0]
	'$' [16] 25tc (AAAGAAAGCTCTGTAAT$)
	'AAT$' [13] 22tc (AAAGAAAGCTCTGTAAT$)
	'GTAAT$' [11] 20tc (AAAGAAAGCTCTGTAAT$)
	'CTGTAAT$' [9] 16tc (AAAGAAAGCTCTGTAAT$)
[17 (0) -> 19]
	'GTAAT$' [10] 18tc (AAAGAAAGCTCTGTAAT$)
	'CTGTAAT$' [8] 15tc (AAAGAAAGCTCTGTAAT$)
[13 (0) -> 0]
	'TAAT$' [12] 21tc (AAAGAAAGCTCTGTAAT$)
	'CTCTGTAAT$' [7] 14tc (AAAGAAAGCTCTGTAAT$)
	'AAAGCTCTGTAAT$' [3] 6tc (AAAGAAAGCTCTGTAAT$)
[4 (0) -> 0]
	'T$' [15] 24tc (AAAGAAAGCTCTGTAAT$)
	'G' 11 (AAAGAAAGCTCTGTAAT$)
	'A' 2 (AAAGAAAGCTCTGTAAT$)
[11 (0) -> 13]
	'CTCTGTAAT$' [6] 12tc (AAAGAAAGCTCTGTAAT$)
	'AAAGCTCTGTAAT$' [2] 5tc (AAAGAAAGCTCTGTAAT$)
[2 (0) -> 4]
	'T$' [14] 23tc (AAAGAAAGCTCTGTAAT$)
	'G' 9 (AAAGAAAGCTCTGTAAT$)
	'AG' 7 (AAAGAAAGCTCTGTAAT$)
[9 (0) -> 11]
	'CTCTGTAAT$' [5] 10tc (AAAGAAAGCTCTGTAAT$)
	'AAAGCTCTGTAAT$' [1] 3tc (AAAGAAAGCTCTGTAAT$)
[7 (0) -> 9]
	'CTCTGTAAT$' [4] 8tc (AAAGAAAGCTCTGTAAT$)
	'AAAGCTCTGTAAT$' [0] 1tc (AAAGAAAGCTCTGTAAT$)
