1 2.0000000000
2 2.6666666667
3 3.1428571428
4 3.5047619048
5 3.7941628264
6 4.0348182284
7 4.2408489261
8 4.4210777258
9 4.5813101921
10 4.7255593236
11 4.8567220101
12 4.9769661444
13 5.0879615387
14 5.1910240161
15 5.2872094738
16 5.3773779017
17 5.4622385543
18 5.5423827761
19 5.6183084220
20 5.6904383608
21 5.7591347006
22 5.8247098575
23 5.8874352549
24 5.9475482233
25 6.0052575173
26 6.0607477635
27 6.1141830731
28 6.1657099981
29 6.2154599683
30 6.2635513146
31 6.3100909606
32 6.3551758451
